Arguments: 
  C:\Program Files\nodejs\node.exe C:\Program Files (x86)\Yarn\bin\yarn.js add --dev jest

PATH: 
  C:\ProgramData\Oracle\Java\javapath;C:\Python27\;C:\Python27\Scripts;C:\Program Files (x86)\Common Files\Intel\Shared Libraries\redist\intel64\compiler;C:\Program Files (x86)\Intel\iCLS Client\;C:\Program Files\Intel\iCLS Client\;C:\Windows\system32;C:\Windows;C:\Windows\System32\Wbem;C:\Windows\System32\WindowsPowerShell\v1.0\;C:\Program Files (x86)\NVIDIA Corporation\PhysX\Common;C:\Program Files (x86)\Intel\Intel(R) Management Engine Components\DAL;C:\Program Files\Intel\Intel(R) Management Engine Components\DAL;C:\Program Files (x86)\Intel\Intel(R) Management Engine Components\IPT;C:\Program Files\Intel\Intel(R) Management Engine Components\IPT;C:\WINDOWS\system32;C:\WINDOWS;C:\WINDOWS\System32\Wbem;C:\WINDOWS\System32\WindowsPowerShell\v1.0\;C:\WINDOWS\System32\OpenSSH\;C:\Program Files (x86)\QT Lite\QTSystem;C:\Program Files\Git\cmd;C:\ProgramData\chocolatey\bin;C:\Program Files (x86)\Yarn\bin\;C:\xampp\php;C:\ProgramData\ComposerSetup\bin;C:\Program Files\nodejs\;C:\Users\genti\Anaconda3;C:\Users\genti\Anaconda3\Library\mingw-w64\bin;C:\Users\genti\Anaconda3\Library\usr\bin;C:\Users\genti\Anaconda3\Library\bin;C:\Users\genti\Anaconda3\Scripts;C:\Users\genti\AppData\Local\Microsoft\WindowsApps;C:\Users\genti\AppData\Local\Android\Sdk\platform-tools;C:\Users\genti\AppData\Local\Yarn\bin;C:\Program Files\MongoDB\Server\4.0\bin;C:\Program Files\heroku\bin;C:\Program Files (x86)\Minimal ADB and Fastboot;C:\Users\genti\AppData\Roaming\Composer\vendor\bin;C:\Program Files\MySQL\MySQL Server 8.0\bin;C:\Program Files\mongodb-win32-x86_64-2008plus-ssl-4.0.10\bin;C:\Users\genti\AppData\Roaming\npm;C:\Users\genti\AppData\Local\Android\Sdk\platforms;C:\Users\genti\AppData\Local\Android\Sdk\emulator;C:\Users\genti\flutter\bin;

Yarn version: 
  1.15.2

Node version: 
  10.16.2

Platform: 
  win32 x64

Trace: 
  Error: EPERM: operation not permitted, scandir 'C:\dev\Design patterns examples (Node)\Factory\node_modules\@types'

npm manifest: 
  {
    "name": "factory",
    "version": "1.0.0",
    "main": "index.js",
    "license": "MIT",
    "dependencies": {}
  }

yarn manifest: 
  No manifest

Lockfile: 
  # THIS IS AN AUTOGENERATED FILE. DO NOT EDIT THIS FILE DIRECTLY.
  # yarn lockfile v1
